<?xml version="1.0" encoding="UTF-8"?>
<testng-results skipped="0" failed="0" ignored="0" total="1" passed="1">
  <reporter-output>
  </reporter-output>
  <suite name="Default suite" duration-ms="10171" started-at="2017-02-06T06:35:49Z" finished-at="2017-02-06T06:36:00Z">
    <groups>
    </groups>
    <test name="Default test" duration-ms="10171" started-at="2017-02-06T06:35:49Z" finished-at="2017-02-06T06:36:00Z">
      <class name="MyAllureGradleTestNGPackage.MyAllureReportsTest">
        <test-method status="PASS" signature="Test000MyAllureTestMain()[pri:0, instance:MyAllureGradleTestNGPackage.MyAllureReportsTest@43dac38f]" name="Test000MyAllureTestMain" is-config="true" duration-ms="1222" started-at="2017-02-06T12:05:49Z" finished-at="2017-02-06T12:05:51Z">
          <reporter-output>
          </reporter-output>
        </test-method> <!-- Test000MyAllureTestMain -->
        <test-method status="PASS" signature="Test001NavigateToGoogleWebSite()[pri:0, instance:MyAllureGradleTestNGPackage.MyAllureReportsTest@43dac38f]" name="Test001NavigateToGoogleWebSite" duration-ms="6753" started-at="2017-02-06T12:05:51Z" finished-at="2017-02-06T12:05:58Z">
          <reporter-output>
          </reporter-output>
        </test-method> <!-- Test001NavigateToGoogleWebSite -->
        <test-method status="PASS" signature="Test002CloseGoogleChromeWebBrowser()[pri:0, instance:MyAllureGradleTestNGPackage.MyAllureReportsTest@43dac38f]" name="Test002CloseGoogleChromeWebBrowser" is-config="true" duration-ms="2125" started-at="2017-02-06T12:05:58Z" finished-at="2017-02-06T12:06:00Z">
          <reporter-output>
          </reporter-output>
        </test-method> <!-- Test002CloseGoogleChromeWebBrowser -->
      </class> <!-- MyAllureGradleTestNGPackage.MyAllureReportsTest -->
    </test> <!-- Default test -->
  </suite> <!-- Default suite -->
</testng-results>
